<?xml version="1.0" encoding="UTF-8"?>
<testng-results skipped="0" failed="0" ignored="0" total="1" passed="1">
  <reporter-output>
  </reporter-output>
  <suite name="Default suite" duration-ms="228753" started-at="2019-12-12T15:50:44Z" finished-at="2019-12-12T15:54:32Z">
    <groups>
      <group name="cucumber">
        <method signature="AbstractTestNGCucumberTests.feature(cucumber.api.testng.CucumberFeatureWrapper)[pri:0, instance:com.features.Runner@5f2108b5]" name="feature" class="cucumber.api.testng.AbstractTestNGCucumberTests"/>
      </group> <!-- cucumber -->
    </groups>
    <test name="Default test" duration-ms="228753" started-at="2019-12-12T15:50:44Z" finished-at="2019-12-12T15:54:32Z">
      <class name="com.features.Runner">
        <test-method status="PASS" signature="setUpClass()[pri:0, instance:com.features.Runner@5f2108b5]" name="setUpClass" is-config="true" duration-ms="565" started-at="2019-12-12T15:50:44Z" finished-at="2019-12-12T15:50:44Z">
          <reporter-output>
          </reporter-output>
        </test-method> <!-- setUpClass -->
        <test-method status="PASS" signature="feature(cucumber.api.testng.CucumberFeatureWrapper)[pri:0, instance:com.features.Runner@5f2108b5]" name="feature" duration-ms="226191" started-at="2019-12-12T15:50:44Z" description="Runs Cucumber Feature" data-provider="features" finished-at="2019-12-12T15:54:30Z">
          <params>
            <param index="0">
              <value>
                <![CDATA[Homepage Feature]]>
              </value>
            </param>
          </params>
          <reporter-output>
          </reporter-output>
        </test-method> <!-- feature -->
        <test-method status="PASS" signature="tearDownClass()[pri:0, instance:com.features.Runner@5f2108b5]" name="tearDownClass" is-config="true" duration-ms="1822" started-at="2019-12-12T15:54:30Z" finished-at="2019-12-12T15:54:32Z">
          <reporter-output>
          </reporter-output>
        </test-method> <!-- tearDownClass -->
      </class> <!-- com.features.Runner -->
    </test> <!-- Default test -->
  </suite> <!-- Default suite -->
</testng-results>
